This is pdfTeX, Version 3.141592653-2.6-1.40.25 (TeX Live 2023/Debian) (preloaded format=pdflatex 2025.2.7)  18 FEB 2025 12:09
entering extended mode
 restricted \write18 enabled.
 file:line:error style messages enabled.
 %&-line parsing enabled.
**/home/tea-ingland/MKDIR/explain.tex
(/home/tea-ingland/MKDIR/explain.tex
LaTeX2e <2023-11-01> patch level 1
L3 programming layer <2024-01-22>
(/usr/share/texlive/texmf-dist/tex/latex/base/article.cls
Document Class: article 2023/05/17 v1.4n Standard LaTeX document class
(/usr/share/texlive/texmf-dist/tex/latex/base/size10.clo
File: size10.clo 2023/05/17 v1.4n Standard LaTeX file (size option)
)
\c@part=\count187
\c@section=\count188
\c@subsection=\count189
\c@subsubsection=\count190
\c@paragraph=\count191
\c@subparagraph=\count192
\c@figure=\count193
\c@table=\count194
\abovecaptionskip=\skip48
\belowcaptionskip=\skip49
\bibindent=\dimen140
) (/usr/share/texlive/texmf-dist/tex/latex/base/inputenc.sty
Package: inputenc 2021/02/14 v1.3d Input encoding file
\inpenc@prehook=\toks17
\inpenc@posthook=\toks18
) (/usr/share/texlive/texmf-dist/tex/latex/l3backend/l3backend-pdftex.def
File: l3backend-pdftex.def 2024-01-04 L3 backend support: PDF output (pdfTeX)
\l__color_backend_stack_int=\count195
\l__pdf_internal_box=\box51
)
No file explain.aux.
\openout1 = `explain.aux'.

LaTeX Font Info:    Checking defaults for OML/cmm/m/it on input line 8.
LaTeX Font Info:    ... okay on input line 8.
LaTeX Font Info:    Checking defaults for OMS/cmsy/m/n on input line 8.
LaTeX Font Info:    ... okay on input line 8.
LaTeX Font Info:    Checking defaults for OT1/cmr/m/n on input line 8.
LaTeX Font Info:    ... okay on input line 8.
LaTeX Font Info:    Checking defaults for T1/cmr/m/n on input line 8.
LaTeX Font Info:    ... okay on input line 8.
LaTeX Font Info:    Checking defaults for TS1/cmr/m/n on input line 8.
LaTeX Font Info:    ... okay on input line 8.
LaTeX Font Info:    Checking defaults for OMX/cmex/m/n on input line 8.
LaTeX Font Info:    ... okay on input line 8.
LaTeX Font Info:    Checking defaults for U/cmr/m/n on input line 8.
LaTeX Font Info:    ... okay on input line 8.

/home/tea-ingland/MKDIR/explain.tex:10: LaTeX Error: Unicode character ã® (U+306E)
               not set up for use with LaTeX.

See the LaTeX manual or LaTeX Companion for explanation.
Type  H <return>  for immediate help.
 ...                                              
                                                  
l.10 \maketitle
               
You may provide a definition with
\DeclareUnicodeCharacter 


/home/tea-ingland/MKDIR/explain.tex:10: LaTeX Error: Unicode character èª¬ (U+8AAC)
               not set up for use with LaTeX.

See the LaTeX manual or LaTeX Companion for explanation.
Type  H <return>  for immediate help.
 ...                                              
                                                  
l.10 \maketitle
               
You may provide a definition with
\DeclareUnicodeCharacter 


/home/tea-ingland/MKDIR/explain.tex:10: LaTeX Error: Unicode character æ˜ (U+660E)
               not set up for use with LaTeX.

See the LaTeX manual or LaTeX Companion for explanation.
Type  H <return>  for immediate help.
 ...                                              
                                                  
l.10 \maketitle
               
You may provide a definition with
\DeclareUnicodeCharacter 

LaTeX Font Info:    External font `cmex10' loaded for size
(Font)              <12> on input line 10.
LaTeX Font Info:    External font `cmex10' loaded for size
(Font)              <8> on input line 10.
LaTeX Font Info:    External font `cmex10' loaded for size
(Font)              <6> on input line 10.

/home/tea-ingland/MKDIR/explain.tex:12: LaTeX Error: Unicode character ã¯ (U+306F)
               not set up for use with LaTeX.

See the LaTeX manual or LaTeX Companion for explanation.
Type  H <return>  for immediate help.
 ...                                              
                                                  
l.12 \section{ã¯ã˜ã‚ã«}
                           
You may provide a definition with
\DeclareUnicodeCharacter 


/home/tea-ingland/MKDIR/explain.tex:12: LaTeX Error: Unicode character ã˜ (U+3058)
               not set up for use with LaTeX.

See the LaTeX manual or LaTeX Companion for explanation.
Type  H <return>  for immediate help.
 ...                                              
                                                  
l.12 \section{ã¯ã˜ã‚ã«}
                           
You may provide a definition with
\DeclareUnicodeCharacter 


/home/tea-ingland/MKDIR/explain.tex:12: LaTeX Error: Unicode character ã‚ (U+3081)
               not set up for use with LaTeX.

See the LaTeX manual or LaTeX Companion for explanation.
Type  H <return>  for immediate help.
 ...                                              
                                                  
l.12 \section{ã¯ã˜ã‚ã«}
                           
You may provide a definition with
\DeclareUnicodeCharacter 


/home/tea-ingland/MKDIR/explain.tex:12: LaTeX Error: Unicode character ã« (U+306B)
               not set up for use with LaTeX.

See the LaTeX manual or LaTeX Companion for explanation.
Type  H <return>  for immediate help.
 ...                                              
                                                  
l.12 \section{ã¯ã˜ã‚ã«}
                           
You may provide a definition with
\DeclareUnicodeCharacter 


/home/tea-ingland/MKDIR/explain.tex:13: LaTeX Error: Unicode character ã“ (U+3053)
               not set up for use with LaTeX.

See the LaTeX manual or LaTeX Companion for explanation.
Type  H <return>  for immediate help.
 ...                                              
                                                  
l.13 ã“
        ã‚Œã¯ã“ã®ãƒ—ãƒ­ã‚°ãƒ©ãƒ ã®èª¬æ˜ã§ã™ã€‚
You may provide a definition with
\DeclareUnicodeCharacter 


/home/tea-ingland/MKDIR/explain.tex:13: LaTeX Error: Unicode character ã‚Œ (U+308C)
               not set up for use with LaTeX.

See the LaTeX manual or LaTeX Companion for explanation.
Type  H <return>  for immediate help.
 ...                                              
                                                  
l.13 ã“ã‚Œ
           ã¯ã“ã®ãƒ—ãƒ­ã‚°ãƒ©ãƒ ã®èª¬æ˜ã§ã™ã€‚
You may provide a definition with
\DeclareUnicodeCharacter 


/home/tea-ingland/MKDIR/explain.tex:13: LaTeX Error: Unicode character ã¯ (U+306F)
               not set up for use with LaTeX.

See the LaTeX manual or LaTeX Companion for explanation.
Type  H <return>  for immediate help.
 ...                                              
                                                  
l.13 ã“ã‚Œã¯
              ã“ã®ãƒ—ãƒ­ã‚°ãƒ©ãƒ ã®èª¬æ˜ã§ã™ã€‚
You may provide a definition with
\DeclareUnicodeCharacter 


/home/tea-ingland/MKDIR/explain.tex:13: LaTeX Error: Unicode character ã“ (U+3053)
               not set up for use with LaTeX.

See the LaTeX manual or LaTeX Companion for explanation.
Type  H <return>  for immediate help.
 ...                                              
                                                  
l.13 ã“ã‚Œã¯ã“
                 ã®ãƒ—ãƒ­ã‚°ãƒ©ãƒ ã®èª¬æ˜ã§ã™ã€‚
You may provide a definition with
\DeclareUnicodeCharacter 


/home/tea-ingland/MKDIR/explain.tex:13: LaTeX Error: Unicode character ã® (U+306E)
               not set up for use with LaTeX.

See the LaTeX manual or LaTeX Companion for explanation.
Type  H <return>  for immediate help.
 ...                                              
                                                  
l.13 ã“ã‚Œã¯ã“ã®
                    ãƒ—ãƒ­ã‚°ãƒ©ãƒ ã®èª¬æ˜ã§ã™ã€‚
You may provide a definition with
\DeclareUnicodeCharacter 


/home/tea-ingland/MKDIR/explain.tex:13: LaTeX Error: Unicode character ãƒ— (U+30D7)
               not set up for use with LaTeX.

See the LaTeX manual or LaTeX Companion for explanation.
Type  H <return>  for immediate help.
 ...                                              
                                                  
l.13 ã“ã‚Œã¯ã“ã®ãƒ—
                       ãƒ­ã‚°ãƒ©ãƒ ã®èª¬æ˜ã§ã™ã€‚
You may provide a definition with
\DeclareUnicodeCharacter 


/home/tea-ingland/MKDIR/explain.tex:13: LaTeX Error: Unicode character ãƒ­ (U+30ED)
               not set up for use with LaTeX.

See the LaTeX manual or LaTeX Companion for explanation.
Type  H <return>  for immediate help.
 ...                                              
                                                  
l.13 ã“ã‚Œã¯ã“ã®ãƒ—ãƒ­
                          ã‚°ãƒ©ãƒ ã®èª¬æ˜ã§ã™ã€‚
You may provide a definition with
\DeclareUnicodeCharacter 


/home/tea-ingland/MKDIR/explain.tex:13: LaTeX Error: Unicode character ã‚° (U+30B0)
               not set up for use with LaTeX.

See the LaTeX manual or LaTeX Companion for explanation.
Type  H <return>  for immediate help.
 ...                                              
                                                  
l.13 ã“ã‚Œã¯ã“ã®ãƒ—ãƒ­ã‚°
                             ãƒ©ãƒ ã®èª¬æ˜ã§ã™ã€‚
You may provide a definition with
\DeclareUnicodeCharacter 


/home/tea-ingland/MKDIR/explain.tex:13: LaTeX Error: Unicode character ãƒ© (U+30E9)
               not set up for use with LaTeX.

See the LaTeX manual or LaTeX Companion for explanation.
Type  H <return>  for immediate help.
 ...                                              
                                                  
l.13 ã“ã‚Œã¯ã“ã®ãƒ—ãƒ­ã‚°ãƒ©
                                ãƒ ã®èª¬æ˜ã§ã™ã€‚
You may provide a definition with
\DeclareUnicodeCharacter 


/home/tea-ingland/MKDIR/explain.tex:13: LaTeX Error: Unicode character ãƒ  (U+30E0)
               not set up for use with LaTeX.

See the LaTeX manual or LaTeX Companion for explanation.
Type  H <return>  for immediate help.
 ...                                              
                                                  
l.13 ã“ã‚Œã¯ã“ã®ãƒ—ãƒ­ã‚°ãƒ©ãƒ 
                                   ã®èª¬æ˜ã§ã™ã€‚
You may provide a definition with
\DeclareUnicodeCharacter 


/home/tea-ingland/MKDIR/explain.tex:13: LaTeX Error: Unicode character ã® (U+306E)
               not set up for use with LaTeX.

See the LaTeX manual or LaTeX Companion for explanation.
Type  H <return>  for immediate help.
 ...                                              
                                                  
l.13 ã“ã‚Œã¯ã“ã®ãƒ—ãƒ­ã‚°ãƒ©ãƒ ã®
                                      èª¬æ˜ã§ã™ã€‚
You may provide a definition with
\DeclareUnicodeCharacter 


/home/tea-ingland/MKDIR/explain.tex:13: LaTeX Error: Unicode character èª¬ (U+8AAC)
               not set up for use with LaTeX.

See the LaTeX manual or LaTeX Companion for explanation.
Type  H <return>  for immediate help.
 ...                                              
                                                  
l.13 ã“ã‚Œã¯ã“ã®ãƒ—ãƒ­ã‚°ãƒ©ãƒ ã®èª¬
                                         æ˜ã§ã™ã€‚
You may provide a definition with
\DeclareUnicodeCharacter 


/home/tea-ingland/MKDIR/explain.tex:13: LaTeX Error: Unicode character æ˜ (U+660E)
               not set up for use with LaTeX.

See the LaTeX manual or LaTeX Companion for explanation.
Type  H <return>  for immediate help.
 ...                                              
                                                  
l.13 ã“ã‚Œã¯ã“ã®ãƒ—ãƒ­ã‚°ãƒ©ãƒ ã®èª¬æ˜
                                            ã§ã™ã€‚
You may provide a definition with
\DeclareUnicodeCharacter 


/home/tea-ingland/MKDIR/explain.tex:13: LaTeX Error: Unicode character ã§ (U+3067)
               not set up for use with LaTeX.

See the LaTeX manual or LaTeX Companion for explanation.
Type  H <return>  for immediate help.
 ...                                              
                                                  
l.13 ã“ã‚Œã¯ã“ã®ãƒ—ãƒ­ã‚°ãƒ©ãƒ ã®èª¬æ˜ã§
                                               ã™ã€‚
You may provide a definition with
\DeclareUnicodeCharacter 


/home/tea-ingland/MKDIR/explain.tex:13: LaTeX Error: Unicode character ã™ (U+3059)
               not set up for use with LaTeX.

See the LaTeX manual or LaTeX Companion for explanation.
Type  H <return>  for immediate help.
 ...                                              
                                                  
l.13 ã“ã‚Œã¯ã“ã®ãƒ—ãƒ­ã‚°ãƒ©ãƒ ã®èª¬æ˜ã§ã™
                                                  ã€‚
You may provide a definition with
\DeclareUnicodeCharacter 


/home/tea-ingland/MKDIR/explain.tex:13: LaTeX Error: Unicode character ã€‚ (U+3002)
               not set up for use with LaTeX.

See the LaTeX manual or LaTeX Companion for explanation.
Type  H <return>  for immediate help.
 ...                                              
                                                  
l.13 ...ã¯ã“ã®ãƒ—ãƒ­ã‚°ãƒ©ãƒ ã®èª¬æ˜ã§ã™ã€‚
                                                  
You may provide a definition with
\DeclareUnicodeCharacter 


/home/tea-ingland/MKDIR/explain.tex:15: LaTeX Error: Unicode character ãƒ‡ (U+30C7)
               not set up for use with LaTeX.

See the LaTeX manual or LaTeX Companion for explanation.
Type  H <return>  for immediate help.
 ...                                              
                                                  
l.15 \section{ãƒ‡ã‚£ãƒ¬ã‚¯ãƒˆãƒªæ§‹é€ }
                                       
You may provide a definition with
\DeclareUnicodeCharacter 


/home/tea-ingland/MKDIR/explain.tex:15: LaTeX Error: Unicode character ã‚£ (U+30A3)
               not set up for use with LaTeX.

See the LaTeX manual or LaTeX Companion for explanation.
Type  H <return>  for immediate help.
 ...                                              
                                                  
l.15 \section{ãƒ‡ã‚£ãƒ¬ã‚¯ãƒˆãƒªæ§‹é€ }
                                       
You may provide a definition with
\DeclareUnicodeCharacter 


/home/tea-ingland/MKDIR/explain.tex:15: LaTeX Error: Unicode character ãƒ¬ (U+30EC)
               not set up for use with LaTeX.

See the LaTeX manual or LaTeX Companion for explanation.
Type  H <return>  for immediate help.
 ...                                              
                                                  
l.15 \section{ãƒ‡ã‚£ãƒ¬ã‚¯ãƒˆãƒªæ§‹é€ }
                                       
You may provide a definition with
\DeclareUnicodeCharacter 


/home/tea-ingland/MKDIR/explain.tex:15: LaTeX Error: Unicode character ã‚¯ (U+30AF)
               not set up for use with LaTeX.

See the LaTeX manual or LaTeX Companion for explanation.
Type  H <return>  for immediate help.
 ...                                              
                                                  
l.15 \section{ãƒ‡ã‚£ãƒ¬ã‚¯ãƒˆãƒªæ§‹é€ }
                                       
You may provide a definition with
\DeclareUnicodeCharacter 


/home/tea-ingland/MKDIR/explain.tex:15: LaTeX Error: Unicode character ãƒˆ (U+30C8)
               not set up for use with LaTeX.

See the LaTeX manual or LaTeX Companion for explanation.
Type  H <return>  for immediate help.
 ...                                              
                                                  
l.15 \section{ãƒ‡ã‚£ãƒ¬ã‚¯ãƒˆãƒªæ§‹é€ }
                                       
You may provide a definition with
\DeclareUnicodeCharacter 


/home/tea-ingland/MKDIR/explain.tex:15: LaTeX Error: Unicode character ãƒª (U+30EA)
               not set up for use with LaTeX.

See the LaTeX manual or LaTeX Companion for explanation.
Type  H <return>  for immediate help.
 ...                                              
                                                  
l.15 \section{ãƒ‡ã‚£ãƒ¬ã‚¯ãƒˆãƒªæ§‹é€ }
                                       
You may provide a definition with
\DeclareUnicodeCharacter 


/home/tea-ingland/MKDIR/explain.tex:15: LaTeX Error: Unicode character æ§‹ (U+69CB)
               not set up for use with LaTeX.

See the LaTeX manual or LaTeX Companion for explanation.
Type  H <return>  for immediate help.
 ...                                              
                                                  
l.15 \section{ãƒ‡ã‚£ãƒ¬ã‚¯ãƒˆãƒªæ§‹é€ }
                                       
You may provide a definition with
\DeclareUnicodeCharacter 


/home/tea-ingland/MKDIR/explain.tex:15: LaTeX Error: Unicode character é€  (U+9020)
               not set up for use with LaTeX.

See the LaTeX manual or LaTeX Companion for explanation.
Type  H <return>  for immediate help.
 ...                                              
                                                  
l.15 \section{ãƒ‡ã‚£ãƒ¬ã‚¯ãƒˆãƒªæ§‹é€ }
                                       
You may provide a definition with
\DeclareUnicodeCharacter 


/home/tea-ingland/MKDIR/explain.tex:16: LaTeX Error: Unicode character ä»¥ (U+4EE5)
               not set up for use with LaTeX.

See the LaTeX manual or LaTeX Companion for explanation.
Type  H <return>  for immediate help.
 ...                                              
                                                  
l.16 ä»¥
        ä¸‹ã¯ã€ã“ã®ãƒ—ãƒ­ã‚°ãƒ©ãƒ ã®ãƒ‡ã‚£ãƒ¬ã‚¯ãƒˆãƒªæ§‹é€ ã§ã™ã€‚
You may provide a definition with
\DeclareUnicodeCharacter 


/home/tea-ingland/MKDIR/explain.tex:16: LaTeX Error: Unicode character ä¸‹ (U+4E0B)
               not set up for use with LaTeX.

See the LaTeX manual or LaTeX Companion for explanation.
Type  H <return>  for immediate help.
 ...                                              
                                                  
l.16 ä»¥ä¸‹
           ã¯ã€ã“ã®ãƒ—ãƒ­ã‚°ãƒ©ãƒ ã®ãƒ‡ã‚£ãƒ¬ã‚¯ãƒˆãƒªæ§‹é€ ã§ã™ã€‚
You may provide a definition with
\DeclareUnicodeCharacter 


/home/tea-ingland/MKDIR/explain.tex:16: LaTeX Error: Unicode character ã¯ (U+306F)
               not set up for use with LaTeX.

See the LaTeX manual or LaTeX Companion for explanation.
Type  H <return>  for immediate help.
 ...                                              
                                                  
l.16 ä»¥ä¸‹ã¯
              ã€ã“ã®ãƒ—ãƒ­ã‚°ãƒ©ãƒ ã®ãƒ‡ã‚£ãƒ¬ã‚¯ãƒˆãƒªæ§‹é€ ã§ã™ã€‚
You may provide a definition with
\DeclareUnicodeCharacter 


/home/tea-ingland/MKDIR/explain.tex:16: LaTeX Error: Unicode character ã€ (U+3001)
               not set up for use with LaTeX.

See the LaTeX manual or LaTeX Companion for explanation.
Type  H <return>  for immediate help.
 ...                                              
                                                  
l.16 ä»¥ä¸‹ã¯ã€
                 ã“ã®ãƒ—ãƒ­ã‚°ãƒ©ãƒ ã®ãƒ‡ã‚£ãƒ¬ã‚¯ãƒˆãƒªæ§‹é€ ã§ã™ã€‚
You may provide a definition with
\DeclareUnicodeCharacter 


/home/tea-ingland/MKDIR/explain.tex:16: LaTeX Error: Unicode character ã“ (U+3053)
               not set up for use with LaTeX.

See the LaTeX manual or LaTeX Companion for explanation.
Type  H <return>  for immediate help.
 ...                                              
                                                  
l.16 ä»¥ä¸‹ã¯ã€ã“
                    ã®ãƒ—ãƒ­ã‚°ãƒ©ãƒ ã®ãƒ‡ã‚£ãƒ¬ã‚¯ãƒˆãƒªæ§‹é€ ã§ã™ã€‚
You may provide a definition with
\DeclareUnicodeCharacter 


/home/tea-ingland/MKDIR/explain.tex:16: LaTeX Error: Unicode character ã® (U+306E)
               not set up for use with LaTeX.

See the LaTeX manual or LaTeX Companion for explanation.
Type  H <return>  for immediate help.
 ...                                              
                                                  
l.16 ä»¥ä¸‹ã¯ã€ã“ã®
                       ãƒ—ãƒ­ã‚°ãƒ©ãƒ ã®ãƒ‡ã‚£ãƒ¬ã‚¯ãƒˆãƒªæ§‹é€ ã§ã™ã€‚
You may provide a definition with
\DeclareUnicodeCharacter 


/home/tea-ingland/MKDIR/explain.tex:16: LaTeX Error: Unicode character ãƒ— (U+30D7)
               not set up for use with LaTeX.

See the LaTeX manual or LaTeX Companion for explanation.
Type  H <return>  for immediate help.
 ...                                              
                                                  
l.16 ä»¥ä¸‹ã¯ã€ã“ã®ãƒ—
                          ãƒ­ã‚°ãƒ©ãƒ ã®ãƒ‡ã‚£ãƒ¬ã‚¯ãƒˆãƒªæ§‹é€ ã§ã™ã€‚
You may provide a definition with
\DeclareUnicodeCharacter 


/home/tea-ingland/MKDIR/explain.tex:16: LaTeX Error: Unicode character ãƒ­ (U+30ED)
               not set up for use with LaTeX.

See the LaTeX manual or LaTeX Companion for explanation.
Type  H <return>  for immediate help.
 ...                                              
                                                  
l.16 ä»¥ä¸‹ã¯ã€ã“ã®ãƒ—ãƒ­
                             ã‚°ãƒ©ãƒ ã®ãƒ‡ã‚£ãƒ¬ã‚¯ãƒˆãƒªæ§‹é€ ã§ã™ã€‚
You may provide a definition with
\DeclareUnicodeCharacter 


/home/tea-ingland/MKDIR/explain.tex:16: LaTeX Error: Unicode character ã‚° (U+30B0)
               not set up for use with LaTeX.

See the LaTeX manual or LaTeX Companion for explanation.
Type  H <return>  for immediate help.
 ...                                              
                                                  
l.16 ä»¥ä¸‹ã¯ã€ã“ã®ãƒ—ãƒ­ã‚°
                                ãƒ©ãƒ ã®ãƒ‡ã‚£ãƒ¬ã‚¯ãƒˆãƒªæ§‹é€ ã§ã™ã€‚
You may provide a definition with
\DeclareUnicodeCharacter 


/home/tea-ingland/MKDIR/explain.tex:16: LaTeX Error: Unicode character ãƒ© (U+30E9)
               not set up for use with LaTeX.

See the LaTeX manual or LaTeX Companion for explanation.
Type  H <return>  for immediate help.
 ...                                              
                                                  
l.16 ä»¥ä¸‹ã¯ã€ã“ã®ãƒ—ãƒ­ã‚°ãƒ©
                                   ãƒ ã®ãƒ‡ã‚£ãƒ¬ã‚¯ãƒˆãƒªæ§‹é€ ã§ã™ã€‚
You may provide a definition with
\DeclareUnicodeCharacter 


/home/tea-ingland/MKDIR/explain.tex:16: LaTeX Error: Unicode character ãƒ  (U+30E0)
               not set up for use with LaTeX.

See the LaTeX manual or LaTeX Companion for explanation.
Type  H <return>  for immediate help.
 ...                                              
                                                  
l.16 ä»¥ä¸‹ã¯ã€ã“ã®ãƒ—ãƒ­ã‚°ãƒ©ãƒ 
                                      ã®ãƒ‡ã‚£ãƒ¬ã‚¯ãƒˆãƒªæ§‹é€ ã§ã™ã€‚
You may provide a definition with
\DeclareUnicodeCharacter 


/home/tea-ingland/MKDIR/explain.tex:16: LaTeX Error: Unicode character ã® (U+306E)
               not set up for use with LaTeX.

See the LaTeX manual or LaTeX Companion for explanation.
Type  H <return>  for immediate help.
 ...                                              
                                                  
l.16 ä»¥ä¸‹ã¯ã€ã“ã®ãƒ—ãƒ­ã‚°ãƒ©ãƒ ã®
                                         ãƒ‡ã‚£ãƒ¬ã‚¯ãƒˆãƒªæ§‹é€ ã§ã™ã€‚
You may provide a definition with
\DeclareUnicodeCharacter 


/home/tea-ingland/MKDIR/explain.tex:16: LaTeX Error: Unicode character ãƒ‡ (U+30C7)
               not set up for use with LaTeX.

See the LaTeX manual or LaTeX Companion for explanation.
Type  H <return>  for immediate help.
 ...                                              
                                                  
l.16 ä»¥ä¸‹ã¯ã€ã“ã®ãƒ—ãƒ­ã‚°ãƒ©ãƒ ã®ãƒ‡
                                            ã‚£ãƒ¬ã‚¯ãƒˆãƒªæ§‹é€ ã§ã™ã€‚
You may provide a definition with
\DeclareUnicodeCharacter 


/home/tea-ingland/MKDIR/explain.tex:16: LaTeX Error: Unicode character ã‚£ (U+30A3)
               not set up for use with LaTeX.

See the LaTeX manual or LaTeX Companion for explanation.
Type  H <return>  for immediate help.
 ...                                              
                                                  
l.16 ä»¥ä¸‹ã¯ã€ã“ã®ãƒ—ãƒ­ã‚°ãƒ©ãƒ ã®ãƒ‡ã‚£
                                               ãƒ¬ã‚¯ãƒˆãƒªæ§‹é€ ã§ã™ã€‚
You may provide a definition with
\DeclareUnicodeCharacter 


/home/tea-ingland/MKDIR/explain.tex:16: LaTeX Error: Unicode character ãƒ¬ (U+30EC)
               not set up for use with LaTeX.

See the LaTeX manual or LaTeX Companion for explanation.
Type  H <return>  for immediate help.
 ...                                              
                                                  
l.16 ä»¥ä¸‹ã¯ã€ã“ã®ãƒ—ãƒ­ã‚°ãƒ©ãƒ ã®ãƒ‡ã‚£ãƒ¬
                                                  ã‚¯ãƒˆãƒªæ§‹é€ ã§ã™ã€‚
You may provide a definition with
\DeclareUnicodeCharacter 


/home/tea-ingland/MKDIR/explain.tex:16: LaTeX Error: Unicode character ã‚¯ (U+30AF)
               not set up for use with LaTeX.

See the LaTeX manual or LaTeX Companion for explanation.
Type  H <return>  for immediate help.
 ...                                              
                                                  
l.16 ...ã¯ã€ã“ã®ãƒ—ãƒ­ã‚°ãƒ©ãƒ ã®ãƒ‡ã‚£ãƒ¬ã‚¯
                                                  ãƒˆãƒªæ§‹é€ ã§ã™ã€‚
You may provide a definition with
\DeclareUnicodeCharacter 


/home/tea-ingland/MKDIR/explain.tex:16: LaTeX Error: Unicode character ãƒˆ (U+30C8)
               not set up for use with LaTeX.

See the LaTeX manual or LaTeX Companion for explanation.
Type  H <return>  for immediate help.
 ...                                              
                                                  
l.16 ...ã€ã“ã®ãƒ—ãƒ­ã‚°ãƒ©ãƒ ã®ãƒ‡ã‚£ãƒ¬ã‚¯ãƒˆ
                                                  ãƒªæ§‹é€ ã§ã™ã€‚
You may provide a definition with
\DeclareUnicodeCharacter 


/home/tea-ingland/MKDIR/explain.tex:16: LaTeX Error: Unicode character ãƒª (U+30EA)
               not set up for use with LaTeX.

See the LaTeX manual or LaTeX Companion for explanation.
Type  H <return>  for immediate help.
 ...                                              
                                                  
l.16 ...ã“ã®ãƒ—ãƒ­ã‚°ãƒ©ãƒ ã®ãƒ‡ã‚£ãƒ¬ã‚¯ãƒˆãƒª
                                                  æ§‹é€ ã§ã™ã€‚
You may provide a definition with
\DeclareUnicodeCharacter 


/home/tea-ingland/MKDIR/explain.tex:16: LaTeX Error: Unicode character æ§‹ (U+69CB)
               not set up for use with LaTeX.

See the LaTeX manual or LaTeX Companion for explanation.
Type  H <return>  for immediate help.
 ...                                              
                                                  
l.16 ...ã®ãƒ—ãƒ­ã‚°ãƒ©ãƒ ã®ãƒ‡ã‚£ãƒ¬ã‚¯ãƒˆãƒªæ§‹
                                                  é€ ã§ã™ã€‚
You may provide a definition with
\DeclareUnicodeCharacter 


/home/tea-ingland/MKDIR/explain.tex:16: LaTeX Error: Unicode character é€  (U+9020)
               not set up for use with LaTeX.

See the LaTeX manual or LaTeX Companion for explanation.
Type  H <return>  for immediate help.
 ...                                              
                                                  
l.16 ...ãƒ—ãƒ­ã‚°ãƒ©ãƒ ã®ãƒ‡ã‚£ãƒ¬ã‚¯ãƒˆãƒªæ§‹é€ 
                                                  ã§ã™ã€‚
You may provide a definition with
\DeclareUnicodeCharacter 


/home/tea-ingland/MKDIR/explain.tex:16: LaTeX Error: Unicode character ã§ (U+3067)
               not set up for use with LaTeX.

See the LaTeX manual or LaTeX Companion for explanation.
Type  H <return>  for immediate help.
 ...                                              
                                                  
l.16 ...ãƒ­ã‚°ãƒ©ãƒ ã®ãƒ‡ã‚£ãƒ¬ã‚¯ãƒˆãƒªæ§‹é€ ã§
                                                  ã™ã€‚
You may provide a definition with
\DeclareUnicodeCharacter 


/home/tea-ingland/MKDIR/explain.tex:16: LaTeX Error: Unicode character ã™ (U+3059)
               not set up for use with LaTeX.

See the LaTeX manual or LaTeX Companion for explanation.
Type  H <return>  for immediate help.
 ...                                              
                                                  
l.16 ...ã‚°ãƒ©ãƒ ã®ãƒ‡ã‚£ãƒ¬ã‚¯ãƒˆãƒªæ§‹é€ ã§ã™
                                                  ã€‚
You may provide a definition with
\DeclareUnicodeCharacter 


/home/tea-ingland/MKDIR/explain.tex:16: LaTeX Error: Unicode character ã€‚ (U+3002)
               not set up for use with LaTeX.

See the LaTeX manual or LaTeX Companion for explanation.
Type  H <return>  for immediate help.
 ...                                              
                                                  
l.16 ...ãƒ©ãƒ ã®ãƒ‡ã‚£ãƒ¬ã‚¯ãƒˆãƒªæ§‹é€ ã§ã™ã€‚
                                                  
You may provide a definition with
\DeclareUnicodeCharacter 


/home/tea-ingland/MKDIR/explain.tex:28: LaTeX Error: Unicode character ã“ (U+3053)
               not set up for use with LaTeX.

See the LaTeX manual or LaTeX Companion for explanation.
Type  H <return>  for immediate help.
 ...                                              
                                                  
l.28 \section{ã“ã®ãƒ—ãƒ­ã‚°ãƒ©ãƒ ã®èª¬æ˜}
                                             
You may provide a definition with
\DeclareUnicodeCharacter 


/home/tea-ingland/MKDIR/explain.tex:28: LaTeX Error: Unicode character ã® (U+306E)
               not set up for use with LaTeX.

See the LaTeX manual or LaTeX Companion for explanation.
Type  H <return>  for immediate help.
 ...                                              
                                                  
l.28 \section{ã“ã®ãƒ—ãƒ­ã‚°ãƒ©ãƒ ã®èª¬æ˜}
                                             
You may provide a definition with
\DeclareUnicodeCharacter 


/home/tea-ingland/MKDIR/explain.tex:28: LaTeX Error: Unicode character ãƒ— (U+30D7)
               not set up for use with LaTeX.

See the LaTeX manual or LaTeX Companion for explanation.
Type  H <return>  for immediate help.
 ...                                              
                                                  
l.28 \section{ã“ã®ãƒ—ãƒ­ã‚°ãƒ©ãƒ ã®èª¬æ˜}
                                             
You may provide a definition with
\DeclareUnicodeCharacter 


/home/tea-ingland/MKDIR/explain.tex:28: LaTeX Error: Unicode character ãƒ­ (U+30ED)
               not set up for use with LaTeX.

See the LaTeX manual or LaTeX Companion for explanation.
Type  H <return>  for immediate help.
 ...                                              
                                                  
l.28 \section{ã“ã®ãƒ—ãƒ­ã‚°ãƒ©ãƒ ã®èª¬æ˜}
                                             
You may provide a definition with
\DeclareUnicodeCharacter 


/home/tea-ingland/MKDIR/explain.tex:28: LaTeX Error: Unicode character ã‚° (U+30B0)
               not set up for use with LaTeX.

See the LaTeX manual or LaTeX Companion for explanation.
Type  H <return>  for immediate help.
 ...                                              
                                                  
l.28 \section{ã“ã®ãƒ—ãƒ­ã‚°ãƒ©ãƒ ã®èª¬æ˜}
                                             
You may provide a definition with
\DeclareUnicodeCharacter 


/home/tea-ingland/MKDIR/explain.tex:28: LaTeX Error: Unicode character ãƒ© (U+30E9)
               not set up for use with LaTeX.

See the LaTeX manual or LaTeX Companion for explanation.
Type  H <return>  for immediate help.
 ...                                              
                                                  
l.28 \section{ã“ã®ãƒ—ãƒ­ã‚°ãƒ©ãƒ ã®èª¬æ˜}
                                             
You may provide a definition with
\DeclareUnicodeCharacter 


/home/tea-ingland/MKDIR/explain.tex:28: LaTeX Error: Unicode character ãƒ  (U+30E0)
               not set up for use with LaTeX.

See the LaTeX manual or LaTeX Companion for explanation.
Type  H <return>  for immediate help.
 ...                                              
                                                  
l.28 \section{ã“ã®ãƒ—ãƒ­ã‚°ãƒ©ãƒ ã®èª¬æ˜}
                                             
You may provide a definition with
\DeclareUnicodeCharacter 


/home/tea-ingland/MKDIR/explain.tex:28: LaTeX Error: Unicode character ã® (U+306E)
               not set up for use with LaTeX.

See the LaTeX manual or LaTeX Companion for explanation.
Type  H <return>  for immediate help.
 ...                                              
                                                  
l.28 \section{ã“ã®ãƒ—ãƒ­ã‚°ãƒ©ãƒ ã®èª¬æ˜}
                                             
You may provide a definition with
\DeclareUnicodeCharacter 


/home/tea-ingland/MKDIR/explain.tex:28: LaTeX Error: Unicode character èª¬ (U+8AAC)
               not set up for use with LaTeX.

See the LaTeX manual or LaTeX Companion for explanation.
Type  H <return>  for immediate help.
 ...                                              
                                                  
l.28 \section{ã“ã®ãƒ—ãƒ­ã‚°ãƒ©ãƒ ã®èª¬æ˜}
                                             
You may provide a definition with
\DeclareUnicodeCharacter 


/home/tea-ingland/MKDIR/explain.tex:28: LaTeX Error: Unicode character æ˜ (U+660E)
               not set up for use with LaTeX.

See the LaTeX manual or LaTeX Companion for explanation.
Type  H <return>  for immediate help.
 ...                                              
                                                  
l.28 \section{ã“ã®ãƒ—ãƒ­ã‚°ãƒ©ãƒ ã®èª¬æ˜}
                                             
You may provide a definition with
\DeclareUnicodeCharacter 


/home/tea-ingland/MKDIR/explain.tex:29: LaTeX Error: Unicode character ä»Š (U+4ECA)
               not set up for use with LaTeX.

See the LaTeX manual or LaTeX Companion for explanation.
Type  H <return>  for immediate help.
 ...                                              
                                                  
l.29 \section{ä»Šå¾Œã®è¿½åŠ è¦ç´ }
                                    
You may provide a definition with
\DeclareUnicodeCharacter 


/home/tea-ingland/MKDIR/explain.tex:29: LaTeX Error: Unicode character å¾Œ (U+5F8C)
               not set up for use with LaTeX.

See the LaTeX manual or LaTeX Companion for explanation.
Type  H <return>  for immediate help.
 ...                                              
                                                  
l.29 \section{ä»Šå¾Œã®è¿½åŠ è¦ç´ }
                                    
You may provide a definition with
\DeclareUnicodeCharacter 


/home/tea-ingland/MKDIR/explain.tex:29: LaTeX Error: Unicode character ã® (U+306E)
               not set up for use with LaTeX.

See the LaTeX manual or LaTeX Companion for explanation.
Type  H <return>  for immediate help.
 ...                                              
                                                  
l.29 \section{ä»Šå¾Œã®è¿½åŠ è¦ç´ }
                                    
You may provide a definition with
\DeclareUnicodeCharacter 


/home/tea-ingland/MKDIR/explain.tex:29: LaTeX Error: Unicode character è¿½ (U+8FFD)
               not set up for use with LaTeX.

See the LaTeX manual or LaTeX Companion for explanation.
Type  H <return>  for immediate help.
 ...                                              
                                                  
l.29 \section{ä»Šå¾Œã®è¿½åŠ è¦ç´ }
                                    
You may provide a definition with
\DeclareUnicodeCharacter 


/home/tea-ingland/MKDIR/explain.tex:29: LaTeX Error: Unicode character åŠ  (U+52A0)
               not set up for use with LaTeX.

See the LaTeX manual or LaTeX Companion for explanation.
Type  H <return>  for immediate help.
 ...                                              
                                                  
l.29 \section{ä»Šå¾Œã®è¿½åŠ è¦ç´ }
                                    
You may provide a definition with
\DeclareUnicodeCharacter 


/home/tea-ingland/MKDIR/explain.tex:29: LaTeX Error: Unicode character è¦ (U+8981)
               not set up for use with LaTeX.

See the LaTeX manual or LaTeX Companion for explanation.
Type  H <return>  for immediate help.
 ...                                              
                                                  
l.29 \section{ä»Šå¾Œã®è¿½åŠ è¦ç´ }
                                    
You may provide a definition with
\DeclareUnicodeCharacter 


/home/tea-ingland/MKDIR/explain.tex:29: LaTeX Error: Unicode character ç´  (U+7D20)
               not set up for use with LaTeX.

See the LaTeX manual or LaTeX Companion for explanation.
Type  H <return>  for immediate help.
 ...                                              
                                                  
l.29 \section{ä»Šå¾Œã®è¿½åŠ è¦ç´ }
                                    
You may provide a definition with
\DeclareUnicodeCharacter 


/home/tea-ingland/MKDIR/explain.tex:30: LaTeX Error: Unicode character ãƒ» (U+30FB)
               not set up for use with LaTeX.

See the LaTeX manual or LaTeX Companion for explanation.
Type  H <return>  for immediate help.
 ...                                              
                                                  
l.30 ãƒ»
        ãƒ—ãƒ­ã‚°ãƒ©ãƒ ã‚’ãƒ‡ã‚£ãƒ¬ã‚¯ãƒˆãƒªã”ã¨æ¸¡ã™ã“ã¨ã§ãã®ãƒ‡ã‚...
You may provide a definition with
\DeclareUnicodeCharacter 


/home/tea-ingland/MKDIR/explain.tex:30: LaTeX Error: Unicode character ãƒ— (U+30D7)
               not set up for use with LaTeX.

See the LaTeX manual or LaTeX Companion for explanation.
Type  H <return>  for immediate help.
 ...                                              
                                                  
l.30 ãƒ»ãƒ—
           ãƒ­ã‚°ãƒ©ãƒ ã‚’ãƒ‡ã‚£ãƒ¬ã‚¯ãƒˆãƒªã”ã¨æ¸¡ã™ã“ã¨ã§ãã®ãƒ‡ã‚...
You may provide a definition with
\DeclareUnicodeCharacter 


/home/tea-ingland/MKDIR/explain.tex:30: LaTeX Error: Unicode character ãƒ­ (U+30ED)
               not set up for use with LaTeX.

See the LaTeX manual or LaTeX Companion for explanation.
Type  H <return>  for immediate help.
 ...                                              
                                                  
l.30 ãƒ»ãƒ—ãƒ­
              ã‚°ãƒ©ãƒ ã‚’ãƒ‡ã‚£ãƒ¬ã‚¯ãƒˆãƒªã”ã¨æ¸¡ã™ã“ã¨ã§ãã®ãƒ‡ã‚...
You may provide a definition with
\DeclareUnicodeCharacter 


/home/tea-ingland/MKDIR/explain.tex:30: LaTeX Error: Unicode character ã‚° (U+30B0)
               not set up for use with LaTeX.

See the LaTeX manual or LaTeX Companion for explanation.
Type  H <return>  for immediate help.
 ...                                              
                                                  
l.30 ãƒ»ãƒ—ãƒ­ã‚°
                 ãƒ©ãƒ ã‚’ãƒ‡ã‚£ãƒ¬ã‚¯ãƒˆãƒªã”ã¨æ¸¡ã™ã“ã¨ã§ãã®ãƒ‡ã‚...
You may provide a definition with
\DeclareUnicodeCharacter 


/home/tea-ingland/MKDIR/explain.tex:30: LaTeX Error: Unicode character ãƒ© (U+30E9)
               not set up for use with LaTeX.

See the LaTeX manual or LaTeX Companion for explanation.
Type  H <return>  for immediate help.
 ...                                              
                                                  
l.30 ãƒ»ãƒ—ãƒ­ã‚°ãƒ©
                    ãƒ ã‚’ãƒ‡ã‚£ãƒ¬ã‚¯ãƒˆãƒªã”ã¨æ¸¡ã™ã“ã¨ã§ãã®ãƒ‡ã‚...
You may provide a definition with
\DeclareUnicodeCharacter 


/home/tea-ingland/MKDIR/explain.tex:30: LaTeX Error: Unicode character ãƒ  (U+30E0)
               not set up for use with LaTeX.

See the LaTeX manual or LaTeX Companion for explanation.
Type  H <return>  for immediate help.
 ...                                              
                                                  
l.30 ãƒ»ãƒ—ãƒ­ã‚°ãƒ©ãƒ 
                       ã‚’ãƒ‡ã‚£ãƒ¬ã‚¯ãƒˆãƒªã”ã¨æ¸¡ã™ã“ã¨ã§ãã®ãƒ‡ã‚...
You may provide a definition with
\DeclareUnicodeCharacter 


/home/tea-ingland/MKDIR/explain.tex:30: LaTeX Error: Unicode character ã‚’ (U+3092)
               not set up for use with LaTeX.

See the LaTeX manual or LaTeX Companion for explanation.
Type  H <return>  for immediate help.
 ...                                              
                                                  
l.30 ãƒ»ãƒ—ãƒ­ã‚°ãƒ©ãƒ ã‚’
                          ãƒ‡ã‚£ãƒ¬ã‚¯ãƒˆãƒªã”ã¨æ¸¡ã™ã“ã¨ã§ãã®ãƒ‡ã‚...
You may provide a definition with
\DeclareUnicodeCharacter 


/home/tea-ingland/MKDIR/explain.tex:30: LaTeX Error: Unicode character ãƒ‡ (U+30C7)
               not set up for use with LaTeX.

See the LaTeX manual or LaTeX Companion for explanation.
Type  H <return>  for immediate help.
 ...                                              
                                                  
l.30 ãƒ»ãƒ—ãƒ­ã‚°ãƒ©ãƒ ã‚’ãƒ‡
                             ã‚£ãƒ¬ã‚¯ãƒˆãƒªã”ã¨æ¸¡ã™ã“ã¨ã§ãã®ãƒ‡ã‚...
You may provide a definition with
\DeclareUnicodeCharacter 


/home/tea-ingland/MKDIR/explain.tex:30: LaTeX Error: Unicode character ã‚£ (U+30A3)
               not set up for use with LaTeX.

See the LaTeX manual or LaTeX Companion for explanation.
Type  H <return>  for immediate help.
 ...                                              
                                                  
l.30 ãƒ»ãƒ—ãƒ­ã‚°ãƒ©ãƒ ã‚’ãƒ‡ã‚£
                                ãƒ¬ã‚¯ãƒˆãƒªã”ã¨æ¸¡ã™ã“ã¨ã§ãã®ãƒ‡ã‚...
You may provide a definition with
\DeclareUnicodeCharacter 


/home/tea-ingland/MKDIR/explain.tex:30: LaTeX Error: Unicode character ãƒ¬ (U+30EC)
               not set up for use with LaTeX.

See the LaTeX manual or LaTeX Companion for explanation.
Type  H <return>  for immediate help.
 ...                                              
                                                  
l.30 ãƒ»ãƒ—ãƒ­ã‚°ãƒ©ãƒ ã‚’ãƒ‡ã‚£ãƒ¬
                                   ã‚¯ãƒˆãƒªã”ã¨æ¸¡ã™ã“ã¨ã§ãã®ãƒ‡ã‚...
You may provide a definition with
\DeclareUnicodeCharacter 


/home/tea-ingland/MKDIR/explain.tex:30: LaTeX Error: Unicode character ã‚¯ (U+30AF)
               not set up for use with LaTeX.

See the LaTeX manual or LaTeX Companion for explanation.
Type  H <return>  for immediate help.
 ...                                              
                                                  
l.30 ãƒ»ãƒ—ãƒ­ã‚°ãƒ©ãƒ ã‚’ãƒ‡ã‚£ãƒ¬ã‚¯
                                      ãƒˆãƒªã”ã¨æ¸¡ã™ã“ã¨ã§ãã®ãƒ‡ã‚...
You may provide a definition with
\DeclareUnicodeCharacter 


/home/tea-ingland/MKDIR/explain.tex:30: LaTeX Error: Unicode character ãƒˆ (U+30C8)
               not set up for use with LaTeX.

See the LaTeX manual or LaTeX Companion for explanation.
Type  H <return>  for immediate help.
 ...                                              
                                                  
l.30 ãƒ»ãƒ—ãƒ­ã‚°ãƒ©ãƒ ã‚’ãƒ‡ã‚£ãƒ¬ã‚¯ãƒˆ
                                         ãƒªã”ã¨æ¸¡ã™ã“ã¨ã§ãã®ãƒ‡ã‚...
You may provide a definition with
\DeclareUnicodeCharacter 


/home/tea-ingland/MKDIR/explain.tex:30: LaTeX Error: Unicode character ãƒª (U+30EA)
               not set up for use with LaTeX.

See the LaTeX manual or LaTeX Companion for explanation.
Type  H <return>  for immediate help.
 ...                                              
                                                  
l.30 ãƒ»ãƒ—ãƒ­ã‚°ãƒ©ãƒ ã‚’ãƒ‡ã‚£ãƒ¬ã‚¯ãƒˆãƒª
                                            ã”ã¨æ¸¡ã™ã“ã¨ã§ãã®ãƒ‡ã‚...
You may provide a definition with
\DeclareUnicodeCharacter 


/home/tea-ingland/MKDIR/explain.tex:30: LaTeX Error: Unicode character ã” (U+3054)
               not set up for use with LaTeX.

See the LaTeX manual or LaTeX Companion for explanation.
Type  H <return>  for immediate help.
 ...                                              
                                                  
l.30 ãƒ»ãƒ—ãƒ­ã‚°ãƒ©ãƒ ã‚’ãƒ‡ã‚£ãƒ¬ã‚¯ãƒˆãƒªã”
                                               ã¨æ¸¡ã™ã“ã¨ã§ãã®ãƒ‡ã‚...
You may provide a definition with
\DeclareUnicodeCharacter 


/home/tea-ingland/MKDIR/explain.tex:30: LaTeX Error: Unicode character ã¨ (U+3068)
               not set up for use with LaTeX.

See the LaTeX manual or LaTeX Companion for explanation.
Type  H <return>  for immediate help.
 ...                                              
                                                  
l.30 ãƒ»ãƒ—ãƒ­ã‚°ãƒ©ãƒ ã‚’ãƒ‡ã‚£ãƒ¬ã‚¯ãƒˆãƒªã”ã¨
                                                  æ¸¡ã™ã“ã¨ã§ãã®ãƒ‡ã‚...
You may provide a definition with
\DeclareUnicodeCharacter 


/home/tea-ingland/MKDIR/explain.tex:30: LaTeX Error: Unicode character æ¸¡ (U+6E21)
               not set up for use with LaTeX.

See the LaTeX manual or LaTeX Companion for explanation.
Type  H <return>  for immediate help.
 ...                                              
                                                  
l.30 ...ãƒ­ã‚°ãƒ©ãƒ ã‚’ãƒ‡ã‚£ãƒ¬ã‚¯ãƒˆãƒªã”ã¨æ¸¡
                                                  ã™ã“ã¨ã§ãã®ãƒ‡ã‚£ãƒ...
You may provide a definition with
\DeclareUnicodeCharacter 


/home/tea-ingland/MKDIR/explain.tex:30: LaTeX Error: Unicode character ã™ (U+3059)
               not set up for use with LaTeX.

See the LaTeX manual or LaTeX Companion for explanation.
Type  H <return>  for immediate help.
 ...                                              
                                                  
l.30 ...ã‚°ãƒ©ãƒ ã‚’ãƒ‡ã‚£ãƒ¬ã‚¯ãƒˆãƒªã”ã¨æ¸¡ã™
                                                  ã“ã¨ã§ãã®ãƒ‡ã‚£ãƒ¬ã‚...
You may provide a definition with
\DeclareUnicodeCharacter 


/home/tea-ingland/MKDIR/explain.tex:30: LaTeX Error: Unicode character ã“ (U+3053)
               not set up for use with LaTeX.

See the LaTeX manual or LaTeX Companion for explanation.
Type  H <return>  for immediate help.
 ...                                              
                                                  
l.30 ...ãƒ©ãƒ ã‚’ãƒ‡ã‚£ãƒ¬ã‚¯ãƒˆãƒªã”ã¨æ¸¡ã™ã“
                                                  ã¨ã§ãã®ãƒ‡ã‚£ãƒ¬ã‚¯ãƒ...
You may provide a definition with
\DeclareUnicodeCharacter 


/home/tea-ingland/MKDIR/explain.tex:30: LaTeX Error: Unicode character ã¨ (U+3068)
               not set up for use with LaTeX.

See the LaTeX manual or LaTeX Companion for explanation.
Type  H <return>  for immediate help.
 ...                                              
                                                  
l.30 ...ãƒ ã‚’ãƒ‡ã‚£ãƒ¬ã‚¯ãƒˆãƒªã”ã¨æ¸¡ã™ã“ã¨
                                                  ã§ãã®ãƒ‡ã‚£ãƒ¬ã‚¯ãƒˆãƒ...
You may provide a definition with
\DeclareUnicodeCharacter 


/home/tea-ingland/MKDIR/explain.tex:30: LaTeX Error: Unicode character ã§ (U+3067)
               not set up for use with LaTeX.

See the LaTeX manual or LaTeX Companion for explanation.
Type  H <return>  for immediate help.
 ...                                              
                                                  
l.30 ...ã‚’ãƒ‡ã‚£ãƒ¬ã‚¯ãƒˆãƒªã”ã¨æ¸¡ã™ã“ã¨ã§
                                                  ãã®ãƒ‡ã‚£ãƒ¬ã‚¯ãƒˆãƒªæ§...
You may provide a definition with
\DeclareUnicodeCharacter 


/home/tea-ingland/MKDIR/explain.tex:30: LaTeX Error: Unicode character ã (U+305D)
               not set up for use with LaTeX.

See the LaTeX manual or LaTeX Companion for explanation.
Type  H <return>  for immediate help.
 ...                                              
                                                  
l.30 ...ãƒ‡ã‚£ãƒ¬ã‚¯ãƒˆãƒªã”ã¨æ¸¡ã™ã“ã¨ã§ã
                                                  ã®ãƒ‡ã‚£ãƒ¬ã‚¯ãƒˆãƒªæ§‹é€...
You may provide a definition with
\DeclareUnicodeCharacter 


/home/tea-ingland/MKDIR/explain.tex:30: LaTeX Error: Unicode character ã® (U+306E)
               not set up for use with LaTeX.

See the LaTeX manual or LaTeX Companion for explanation.
Type  H <return>  for immediate help.
 ...                                              
                                                  
l.30 ...ã‚£ãƒ¬ã‚¯ãƒˆãƒªã”ã¨æ¸¡ã™ã“ã¨ã§ãã®
                                                  ãƒ‡ã‚£ãƒ¬ã‚¯ãƒˆãƒªæ§‹é€ ã‚...
You may provide a definition with
\DeclareUnicodeCharacter 


/home/tea-ingland/MKDIR/explain.tex:30: LaTeX Error: Unicode character ãƒ‡ (U+30C7)
               not set up for use with LaTeX.

See the LaTeX manual or LaTeX Companion for explanation.
Type  H <return>  for immediate help.
 ...                                              
                                                  
l.30 ...ãƒ¬ã‚¯ãƒˆãƒªã”ã¨æ¸¡ã™ã“ã¨ã§ãã®ãƒ‡
                                                  ã‚£ãƒ¬ã‚¯ãƒˆãƒªæ§‹é€ ã‚’å‡...
You may provide a definition with
\DeclareUnicodeCharacter 


/home/tea-ingland/MKDIR/explain.tex:30: LaTeX Error: Unicode character ã‚£ (U+30A3)
               not set up for use with LaTeX.

See the LaTeX manual or LaTeX Companion for explanation.
Type  H <return>  for immediate help.
 ...                                              
                                                  
l.30 ...ã‚¯ãƒˆãƒªã”ã¨æ¸¡ã™ã“ã¨ã§ãã®ãƒ‡ã‚£
                                                  ãƒ¬ã‚¯ãƒˆãƒªæ§‹é€ ã‚’å‡ºåŠ...
You may provide a definition with
\DeclareUnicodeCharacter 


/home/tea-ingland/MKDIR/explain.tex:30: LaTeX Error: Unicode character ãƒ¬ (U+30EC)
               not set up for use with LaTeX.

See the LaTeX manual or LaTeX Companion for explanation.
Type  H <return>  for immediate help.
 ...                                              
                                                  
l.30 ...ãƒˆãƒªã”ã¨æ¸¡ã™ã“ã¨ã§ãã®ãƒ‡ã‚£ãƒ¬
                                                  ã‚¯ãƒˆãƒªæ§‹é€ ã‚’å‡ºåŠ›ã...
You may provide a definition with
\DeclareUnicodeCharacter 


/home/tea-ingland/MKDIR/explain.tex:30: LaTeX Error: Unicode character ã‚¯ (U+30AF)
               not set up for use with LaTeX.

See the LaTeX manual or LaTeX Companion for explanation.
Type  H <return>  for immediate help.
 ...                                              
                                                  
l.30 ...ãƒªã”ã¨æ¸¡ã™ã“ã¨ã§ãã®ãƒ‡ã‚£ãƒ¬ã‚¯
                                                  ãƒˆãƒªæ§‹é€ ã‚’å‡ºåŠ›ã™ã‚...
You may provide a definition with
\DeclareUnicodeCharacter 


/home/tea-ingland/MKDIR/explain.tex:30: LaTeX Error: Unicode character ãƒˆ (U+30C8)
               not set up for use with LaTeX.

See the LaTeX manual or LaTeX Companion for explanation.
Type  H <return>  for immediate help.
 ...                                              
                                                  
l.30 ...ã”ã¨æ¸¡ã™ã“ã¨ã§ãã®ãƒ‡ã‚£ãƒ¬ã‚¯ãƒˆ
                                                  ãƒªæ§‹é€ ã‚’å‡ºåŠ›ã™ã‚‹æ©...
You may provide a definition with
\DeclareUnicodeCharacter 


/home/tea-ingland/MKDIR/explain.tex:30: LaTeX Error: Unicode character ãƒª (U+30EA)
               not set up for use with LaTeX.

See the LaTeX manual or LaTeX Companion for explanation.
Type  H <return>  for immediate help.
 ...                                              
                                                  
l.30 ...ã¨æ¸¡ã™ã“ã¨ã§ãã®ãƒ‡ã‚£ãƒ¬ã‚¯ãƒˆãƒª
                                                  æ§‹é€ ã‚’å‡ºåŠ›ã™ã‚‹æ©Ÿèƒ½
You may provide a definition with
\DeclareUnicodeCharacter 


/home/tea-ingland/MKDIR/explain.tex:30: LaTeX Error: Unicode character æ§‹ (U+69CB)
               not set up for use with LaTeX.

See the LaTeX manual or LaTeX Companion for explanation.
Type  H <return>  for immediate help.
 ...                                              
                                                  
l.30 ...æ¸¡ã™ã“ã¨ã§ãã®ãƒ‡ã‚£ãƒ¬ã‚¯ãƒˆãƒªæ§‹
                                                  é€ ã‚’å‡ºåŠ›ã™ã‚‹æ©Ÿèƒ½
You may provide a definition with
\DeclareUnicodeCharacter 


/home/tea-ingland/MKDIR/explain.tex:30: LaTeX Error: Unicode character é€  (U+9020)
               not set up for use with LaTeX.

See the LaTeX manual or LaTeX Companion for explanation.
Type  H <return>  for immediate help.
 ...                                              
                                                  
l.30 ...ã™ã“ã¨ã§ãã®ãƒ‡ã‚£ãƒ¬ã‚¯ãƒˆãƒªæ§‹é€ 
                                                  ã‚’å‡ºåŠ›ã™ã‚‹æ©Ÿèƒ½
You may provide a definition with
\DeclareUnicodeCharacter 


/home/tea-ingland/MKDIR/explain.tex:30: LaTeX Error: Unicode character ã‚’ (U+3092)
               not set up for use with LaTeX.

See the LaTeX manual or LaTeX Companion for explanation.
Type  H <return>  for immediate help.
 ...                                              
                                                  
l.30 ...ã“ã¨ã§ãã®ãƒ‡ã‚£ãƒ¬ã‚¯ãƒˆãƒªæ§‹é€ ã‚’
                                                  å‡ºåŠ›ã™ã‚‹æ©Ÿèƒ½
You may provide a definition with
\DeclareUnicodeCharacter 


/home/tea-ingland/MKDIR/explain.tex:30: LaTeX Error: Unicode character å‡º (U+51FA)
               not set up for use with LaTeX.

See the LaTeX manual or LaTeX Companion for explanation.
Type  H <return>  for immediate help.
 ...                                              
                                                  
l.30 ...ã¨ã§ãã®ãƒ‡ã‚£ãƒ¬ã‚¯ãƒˆãƒªæ§‹é€ ã‚’å‡º
                                                  åŠ›ã™ã‚‹æ©Ÿèƒ½
You may provide a definition with
\DeclareUnicodeCharacter 


/home/tea-ingland/MKDIR/explain.tex:30: LaTeX Error: Unicode character åŠ› (U+529B)
               not set up for use with LaTeX.

See the LaTeX manual or LaTeX Companion for explanation.
Type  H <return>  for immediate help.
 ...                                              
                                                  
l.30 ...ã§ãã®ãƒ‡ã‚£ãƒ¬ã‚¯ãƒˆãƒªæ§‹é€ ã‚’å‡ºåŠ›
                                                  ã™ã‚‹æ©Ÿèƒ½
You may provide a definition with
\DeclareUnicodeCharacter 


/home/tea-ingland/MKDIR/explain.tex:30: LaTeX Error: Unicode character ã™ (U+3059)
               not set up for use with LaTeX.

See the LaTeX manual or LaTeX Companion for explanation.
Type  H <return>  for immediate help.
 ...                                              
                                                  
l.30 ...ãã®ãƒ‡ã‚£ãƒ¬ã‚¯ãƒˆãƒªæ§‹é€ ã‚’å‡ºåŠ›ã™
                                                  ã‚‹æ©Ÿèƒ½
You may provide a definition with
\DeclareUnicodeCharacter 


/home/tea-ingland/MKDIR/explain.tex:30: LaTeX Error: Unicode character ã‚‹ (U+308B)
               not set up for use with LaTeX.

See the LaTeX manual or LaTeX Companion for explanation.
Type  H <return>  for immediate help.
 ...                                              
                                                  
l.30 ...ã®ãƒ‡ã‚£ãƒ¬ã‚¯ãƒˆãƒªæ§‹é€ ã‚’å‡ºåŠ›ã™ã‚‹
                                                  æ©Ÿèƒ½
You may provide a definition with
\DeclareUnicodeCharacter 


/home/tea-ingland/MKDIR/explain.tex:30: LaTeX Error: Unicode character æ©Ÿ (U+6A5F)
               not set up for use with LaTeX.

See the LaTeX manual or LaTeX Companion for explanation.
Type  H <return>  for immediate help.
 ...                                              
                                                  
l.30 ...ãƒ‡ã‚£ãƒ¬ã‚¯ãƒˆãƒªæ§‹é€ ã‚’å‡ºåŠ›ã™ã‚‹æ©Ÿ
                                                  èƒ½
You may provide a definition with
\DeclareUnicodeCharacter 


/home/tea-ingland/MKDIR/explain.tex:30: LaTeX Error: Unicode character èƒ½ (U+80FD)
               not set up for use with LaTeX.

See the LaTeX manual or LaTeX Companion for explanation.
Type  H <return>  for immediate help.
 ...                                              
                                                  
l.30 ...ã‚£ãƒ¬ã‚¯ãƒˆãƒªæ§‹é€ ã‚’å‡ºåŠ›ã™ã‚‹æ©Ÿèƒ½
                                                  
You may provide a definition with
\DeclareUnicodeCharacter 


/home/tea-ingland/MKDIR/explain.tex:31: LaTeX Error: Unicode character ãƒ» (U+30FB)
               not set up for use with LaTeX.

See the LaTeX manual or LaTeX Companion for explanation.
Type  H <return>  for immediate help.
 ...                                              
                                                  
l.31 ãƒ»
        
You may provide a definition with
\DeclareUnicodeCharacter 


/home/tea-ingland/MKDIR/explain.tex:32: LaTeX Error: Unicode character ãƒ» (U+30FB)
               not set up for use with LaTeX.

See the LaTeX manual or LaTeX Companion for explanation.
Type  H <return>  for immediate help.
 ...                                              
                                                  
l.32 ãƒ»
        
You may provide a definition with
\DeclareUnicodeCharacter 


/home/tea-ingland/MKDIR/explain.tex:33: LaTeX Error: Unicode character ãƒ» (U+30FB)
               not set up for use with LaTeX.

See the LaTeX manual or LaTeX Companion for explanation.
Type  H <return>  for immediate help.
 ...                                              
                                                  
l.33 ãƒ»
        
You may provide a definition with
\DeclareUnicodeCharacter 


/home/tea-ingland/MKDIR/explain.tex:34: LaTeX Error: Unicode character ãƒ» (U+30FB)
               not set up for use with LaTeX.

See the LaTeX manual or LaTeX Companion for explanation.
Type  H <return>  for immediate help.
 ...                                              
                                                  
l.34 ãƒ»
        
You may provide a definition with
\DeclareUnicodeCharacter 

[1

{/var/lib/texmf/fonts/map/pdftex/updmap/pdftex.map}] (./explain.aux)
 ***********
LaTeX2e <2023-11-01> patch level 1
L3 programming layer <2024-01-22>
 ***********
 ) 
Here is how much of TeX's memory you used:
 532 strings out of 474222
 9645 string characters out of 5748734
 1924975 words of memory out of 5000000
 22855 multiletter control sequences out of 15000+600000
 561709 words of font info for 48 fonts, out of 8000000 for 9000
 1141 hyphenation exceptions out of 8191
 35i,6n,50p,177b,197s stack positions out of 10000i,1000n,20000p,200000b,200000s
</usr/share/texlive/texmf-dist/fonts/type1/public/amsfonts/cm/cmbx12.pfb></usr/share/texlive/texmf-dist/fonts/type1/public/amsfonts/cm/cmr10.pfb></usr/share/texlive/texmf-dist/fonts/type1/public/amsfonts/cm/cmr12.pfb></usr/share/texlive/texmf-dist/fonts/type1/public/amsfonts/cm/cmr17.pfb>
Output written on explain.pdf (1 page, 42391 bytes).
PDF statistics:
 28 PDF objects out of 1000 (max. 8388607)
 16 compressed objects within 1 object stream
 0 named destinations out of 1000 (max. 500000)
 1 words of extra memory for PDF output out of 10000 (max. 10000000)

